(03/07/2024) WARNING -> No animation with name PacmanDown in script PacmanMovingScript. [raised in animations.cpp:645]
(03/07/2024) WARNING -> Unable to create animation "PacmanDown" for sprite sprite from script PacmanMovingScript [raised in sprites.cpp:714]
(03/07/2024) WARNING -> No animation with name PacmanDown in script PacmanMovingScript. [raised in animations.cpp:645]
(03/07/2024) WARNING -> Unable to create animation "PacmanDown" for sprite sprite from script PacmanMovingScript [raised in sprites.cpp:714]
(03/07/2024) WARNING -> No animation with name PacmanDown in script PacmanMovingScript. [raised in animations.cpp:645]
(03/07/2024) WARNING -> Unable to create animation "PacmanDown" for sprite sprite from script PacmanMovingScript [raised in sprites.cpp:714]
(03/07/2024) WARNING -> No animation with name PacmanDown in script PacmanMovingScript. [raised in animations.cpp:645]
(03/07/2024) WARNING -> Unable to create animation "PacmanDown" for sprite sprite from script PacmanMovingScript [raised in sprites.cpp:714]
(03/07/2024) WARNING -> No animation with name PacmanDown in script PacmanMovingScript. [raised in animations.cpp:645]
(03/07/2024) WARNING -> Unable to create animation "PacmanDown" for sprite sprite from script PacmanMovingScript [raised in sprites.cpp:714]
(03/07/2024) WARNING -> No animation with name PacmanDown in script PacmanMovingScript. [raised in animations.cpp:645]
(03/07/2024) WARNING -> Unable to create animation "PacmanDown" for sprite sprite from script PacmanMovingScript [raised in sprites.cpp:714]
(03/07/2024) WARNING -> No animation with name PacmanDown in script PacmanMovingScript. [raised in animations.cpp:645]
(03/07/2024) WARNING -> Unable to create animation "PacmanDown" for sprite sprite from script PacmanMovingScript [raised in sprites.cpp:714]
(03/07/2024) WARNING -> No animation with name PacmanDown in script PacmanMovingScript. [raised in animations.cpp:645]
(03/07/2024) WARNING -> Unable to create animation "PacmanDown" for sprite sprite from script PacmanMovingScript [raised in sprites.cpp:714]
(03/07/2024) WARNING -> No animation with name PacmanDown in script PacmanMovingScript. [raised in animations.cpp:645]
(03/07/2024) WARNING -> Unable to create animation "PacmanDown" for sprite sprite from script PacmanMovingScript [raised in sprites.cpp:714]
(03/07/2024) WARNING -> No animation with name PacmanDown in script PacmanMovingScript. [raised in animations.cpp:645]
(03/07/2024) WARNING -> Unable to create animation "PacmanDown" for sprite sprite from script PacmanMovingScript [raised in sprites.cpp:714]
(03/07/2024) WARNING -> No animation with name PacmanDown in script PacmanMovingScript. [raised in animations.cpp:645]
(03/07/2024) WARNING -> Unable to create animation "PacmanDown" for sprite sprite from script PacmanMovingScript [raised in sprites.cpp:714]
(03/07/2024) WARNING -> No animation with name PacmanDown in script PacmanMovingScript. [raised in animations.cpp:645]
(03/07/2024) WARNING -> Unable to create animation "PacmanDown" for sprite sprite from script PacmanMovingScript [raised in sprites.cpp:714]
(03/07/2024) WARNING -> No animation with name PacmanDown in script PacmanMovingScript. [raised in animations.cpp:645]
(03/07/2024) WARNING -> Unable to create animation "PacmanDown" for sprite sprite from script PacmanMovingScript [raised in sprites.cpp:714]
(03/07/2024) WARNING -> No animation with name PacmanDown in script PacmanMovingScript. [raised in animations.cpp:645]
(03/07/2024) WARNING -> Unable to create animation "PacmanDown" for sprite sprite from script PacmanMovingScript [raised in sprites.cpp:714]
(03/07/2024) WARNING -> No animation with name PacmanDown in script PacmanMovingScript. [raised in animations.cpp:645]
(03/07/2024) WARNING -> Unable to create animation "PacmanDown" for sprite sprite from script PacmanMovingScript [raised in sprites.cpp:714]
(03/07/2024) WARNING -> No animation with name PacmanDown in script PacmanMovingScript. [raised in animations.cpp:645]
(03/07/2024) WARNING -> Unable to create animation "PacmanDown" for sprite sprite from script PacmanMovingScript [raised in sprites.cpp:714]
(03/07/2024) WARNING -> No animation with name PacmanDown in script PacmanMovingScript. [raised in animations.cpp:645]
(03/07/2024) WARNING -> Unable to create animation "PacmanDown" for sprite sprite from script PacmanMovingScript [raised in sprites.cpp:714]
(03/07/2024) WARNING -> No animation with name PacmanRight in script PacmanMovingScript. [raised in animations.cpp:645]
(03/07/2024) WARNING -> Unable to create animation "PacmanRight" for sprite sprite from script PacmanMovingScript [raised in sprites.cpp:714]
(03/07/2024) WARNING -> No animation with name PacmanRight in script PacmanMovingScript. [raised in animations.cpp:645]
(03/07/2024) WARNING -> Unable to create animation "PacmanRight" for sprite sprite from script PacmanMovingScript [raised in sprites.cpp:714]
(03/07/2024) WARNING -> No animation with name PacmanRight in script PacmanMovingScript. [raised in animations.cpp:645]
(03/07/2024) WARNING -> Unable to create animation "PacmanRight" for sprite sprite from script PacmanMovingScript [raised in sprites.cpp:714]
(03/07/2024) WARNING -> No animation with name PacmanRight in script PacmanMovingScript. [raised in animations.cpp:645]
(03/07/2024) WARNING -> Unable to create animation "PacmanRight" for sprite sprite from script PacmanMovingScript [raised in sprites.cpp:714]
(03/07/2024) WARNING -> No animation with name PacmanRight in script PacmanMovingScript. [raised in animations.cpp:645]
(03/07/2024) WARNING -> Unable to create animation "PacmanRight" for sprite sprite from script PacmanMovingScript [raised in sprites.cpp:714]
(03/07/2024) WARNING -> No animation with name PacmanRight in script PacmanMovingScript. [raised in animations.cpp:645]
(03/07/2024) WARNING -> Unable to create animation "PacmanRight" for sprite sprite from script PacmanMovingScript [raised in sprites.cpp:714]
(03/07/2024) WARNING -> No animation with name PacmanRight in script PacmanMovingScript. [raised in animations.cpp:645]
(03/07/2024) WARNING -> Unable to create animation "PacmanRight" for sprite sprite from script PacmanMovingScript [raised in sprites.cpp:714]
(03/07/2024) WARNING -> No animation with name PacmanRight in script PacmanMovingScript. [raised in animations.cpp:645]
(03/07/2024) WARNING -> Unable to create animation "PacmanRight" for sprite sprite from script PacmanMovingScript [raised in sprites.cpp:714]
(03/07/2024) WARNING -> No animation with name PacmanLeft in script PacmanMovingScript. [raised in animations.cpp:645]
(03/07/2024) WARNING -> Unable to create animation "PacmanLeft" for sprite sprite from script PacmanMovingScript [raised in sprites.cpp:714]
(03/07/2024) WARNING -> No animation with name PacmanLeft in script PacmanMovingScript. [raised in animations.cpp:645]
(03/07/2024) WARNING -> Unable to create animation "PacmanLeft" for sprite sprite from script PacmanMovingScript [raised in sprites.cpp:714]
(03/07/2024) WARNING -> No animation with name PacmanLeft in script PacmanMovingScript. [raised in animations.cpp:645]
(03/07/2024) WARNING -> Unable to create animation "PacmanLeft" for sprite sprite from script PacmanMovingScript [raised in sprites.cpp:714]
(03/07/2024) WARNING -> No animation with name PacmanLeft in script PacmanMovingScript. [raised in animations.cpp:645]
(03/07/2024) WARNING -> Unable to create animation "PacmanLeft" for sprite sprite from script PacmanMovingScript [raised in sprites.cpp:714]
(03/07/2024) WARNING -> No animation with name PacmanLeft in script PacmanMovingScript. [raised in animations.cpp:645]
(03/07/2024) WARNING -> Unable to create animation "PacmanLeft" for sprite sprite from script PacmanMovingScript [raised in sprites.cpp:714]
(03/07/2024) WARNING -> No animation with name PacmanLeft in script PacmanMovingScript. [raised in animations.cpp:645]
(03/07/2024) WARNING -> Unable to create animation "PacmanLeft" for sprite sprite from script PacmanMovingScript [raised in sprites.cpp:714]
(03/07/2024) WARNING -> No animation with name PacmanLeft in script PacmanMovingScript. [raised in animations.cpp:645]
(03/07/2024) WARNING -> Unable to create animation "PacmanLeft" for sprite sprite from script PacmanMovingScript [raised in sprites.cpp:714]
(03/07/2024) WARNING -> No animation with name PacmanRight in script PacmanMovingScript. [raised in animations.cpp:645]
(03/07/2024) WARNING -> Unable to create animation "PacmanRight" for sprite sprite from script PacmanMovingScript [raised in sprites.cpp:714]
(03/07/2024) WARNING -> No animation with name PacmanRight in script PacmanMovingScript. [raised in animations.cpp:645]
(03/07/2024) WARNING -> Unable to create animation "PacmanRight" for sprite sprite from script PacmanMovingScript [raised in sprites.cpp:714]
(03/07/2024) WARNING -> No animation with name PacmanRight in script PacmanMovingScript. [raised in animations.cpp:645]
(03/07/2024) WARNING -> Unable to create animation "PacmanRight" for sprite sprite from script PacmanMovingScript [raised in sprites.cpp:714]
(03/07/2024) WARNING -> No animation with name PacmanRight in script PacmanMovingScript. [raised in animations.cpp:645]
(03/07/2024) WARNING -> Unable to create animation "PacmanRight" for sprite sprite from script PacmanMovingScript [raised in sprites.cpp:714]
(03/07/2024) WARNING -> No animation with name PacmanRight in script PacmanMovingScript. [raised in animations.cpp:645]
(03/07/2024) WARNING -> Unable to create animation "PacmanRight" for sprite sprite from script PacmanMovingScript [raised in sprites.cpp:714]
(03/07/2024) WARNING -> No animation with name PacmanRight in script PacmanMovingScript. [raised in animations.cpp:645]
(03/07/2024) WARNING -> Unable to create animation "PacmanRight" for sprite sprite from script PacmanMovingScript [raised in sprites.cpp:714]
(03/07/2024) WARNING -> No animation with name PacmanRight in script PacmanMovingScript. [raised in animations.cpp:645]
(03/07/2024) WARNING -> Unable to create animation "PacmanRight" for sprite sprite from script PacmanMovingScript [raised in sprites.cpp:714]
(03/07/2024) WARNING -> No animation with name PacmanRight in script PacmanMovingScript. [raised in animations.cpp:645]
(03/07/2024) WARNING -> Unable to create animation "PacmanRight" for sprite sprite from script PacmanMovingScript [raised in sprites.cpp:714]
(03/07/2024) WARNING -> No animation with name PacmanRight in script PacmanMovingScript. [raised in animations.cpp:645]
(03/07/2024) WARNING -> Unable to create animation "PacmanRight" for sprite sprite from script PacmanMovingScript [raised in sprites.cpp:714]
(03/07/2024) WARNING -> No animation with name PacmanRight in script PacmanMovingScript. [raised in animations.cpp:645]
(03/07/2024) WARNING -> Unable to create animation "PacmanRight" for sprite sprite from script PacmanMovingScript [raised in sprites.cpp:714]
(03/07/2024) WARNING -> No animation with name PacmanLeft in script PacmanMovingScript. [raised in animations.cpp:645]
(03/07/2024) WARNING -> Unable to create animation "PacmanLeft" for sprite sprite from script PacmanMovingScript [raised in sprites.cpp:714]
(03/07/2024) WARNING -> No animation with name PacmanLeft in script PacmanMovingScript. [raised in animations.cpp:645]
(03/07/2024) WARNING -> Unable to create animation "PacmanLeft" for sprite sprite from script PacmanMovingScript [raised in sprites.cpp:714]
(03/07/2024) WARNING -> No animation with name PacmanLeft in script PacmanMovingScript. [raised in animations.cpp:645]
(03/07/2024) WARNING -> Unable to create animation "PacmanLeft" for sprite sprite from script PacmanMovingScript [raised in sprites.cpp:714]
(03/07/2024) WARNING -> No animation with name PacmanLeft in script PacmanMovingScript. [raised in animations.cpp:645]
(03/07/2024) WARNING -> Unable to create animation "PacmanLeft" for sprite sprite from script PacmanMovingScript [raised in sprites.cpp:714]
(03/07/2024) WARNING -> No animation with name PacmanLeft in script PacmanMovingScript. [raised in animations.cpp:645]
(03/07/2024) WARNING -> Unable to create animation "PacmanLeft" for sprite sprite from script PacmanMovingScript [raised in sprites.cpp:714]
(03/07/2024) WARNING -> No animation with name PacmanLeft in script PacmanMovingScript. [raised in animations.cpp:645]
(03/07/2024) WARNING -> Unable to create animation "PacmanLeft" for sprite sprite from script PacmanMovingScript [raised in sprites.cpp:714]
(03/07/2024) WARNING -> No animation with name PacmanLeft in script PacmanMovingScript. [raised in animations.cpp:645]
(03/07/2024) WARNING -> Unable to create animation "PacmanLeft" for sprite sprite from script PacmanMovingScript [raised in sprites.cpp:714]
(03/07/2024) WARNING -> No animation with name PacmanLeft in script PacmanMovingScript. [raised in animations.cpp:645]
(03/07/2024) WARNING -> Unable to create animation "PacmanLeft" for sprite sprite from script PacmanMovingScript [raised in sprites.cpp:714]
(03/07/2024) WARNING -> No animation with name PacmanLeft in script PacmanMovingScript. [raised in animations.cpp:645]
(03/07/2024) WARNING -> Unable to create animation "PacmanLeft" for sprite sprite from script PacmanMovingScript [raised in sprites.cpp:714]
(03/07/2024) WARNING -> No animation with name PacmanRight in script PacmanMovingScript. [raised in animations.cpp:645]
(03/07/2024) WARNING -> Unable to create animation "PacmanRight" for sprite sprite from script PacmanMovingScript [raised in sprites.cpp:714]
(03/07/2024) WARNING -> No animation with name PacmanRight in script PacmanMovingScript. [raised in animations.cpp:645]
(03/07/2024) WARNING -> Unable to create animation "PacmanRight" for sprite sprite from script PacmanMovingScript [raised in sprites.cpp:714]
(03/07/2024) WARNING -> No animation with name PacmanRight in script PacmanMovingScript. [raised in animations.cpp:645]
(03/07/2024) WARNING -> Unable to create animation "PacmanRight" for sprite sprite from script PacmanMovingScript [raised in sprites.cpp:714]
(03/07/2024) WARNING -> No animation with name PacmanRight in script PacmanMovingScript. [raised in animations.cpp:645]
(03/07/2024) WARNING -> Unable to create animation "PacmanRight" for sprite sprite from script PacmanMovingScript [raised in sprites.cpp:714]
(03/07/2024) WARNING -> No animation with name PacmanRight in script PacmanMovingScript. [raised in animations.cpp:645]
(03/07/2024) WARNING -> Unable to create animation "PacmanRight" for sprite sprite from script PacmanMovingScript [raised in sprites.cpp:714]
(03/07/2024) WARNING -> No animation with name PacmanRight in script PacmanMovingScript. [raised in animations.cpp:645]
(03/07/2024) WARNING -> Unable to create animation "PacmanRight" for sprite sprite from script PacmanMovingScript [raised in sprites.cpp:714]
(03/07/2024) WARNING -> No animation with name PacmanRight in script PacmanMovingScript. [raised in animations.cpp:645]
(03/07/2024) WARNING -> Unable to create animation "PacmanRight" for sprite sprite from script PacmanMovingScript [raised in sprites.cpp:714]
(03/07/2024) WARNING -> No animation with name PacmanRight in script PacmanMovingScript. [raised in animations.cpp:645]
(03/07/2024) WARNING -> Unable to create animation "PacmanRight" for sprite sprite from script PacmanMovingScript [raised in sprites.cpp:714]
(03/07/2024) WARNING -> No animation with name PacmanRight in script PacmanMovingScript. [raised in animations.cpp:645]
(03/07/2024) WARNING -> Unable to create animation "PacmanRight" for sprite sprite from script PacmanMovingScript [raised in sprites.cpp:714]
(03/07/2024) WARNING -> No animation with name PacmanLeft in script PacmanMovingScript. [raised in animations.cpp:645]
(03/07/2024) WARNING -> Unable to create animation "PacmanLeft" for sprite sprite from script PacmanMovingScript [raised in sprites.cpp:714]
(03/07/2024) WARNING -> No animation with name PacmanLeft in script PacmanMovingScript. [raised in animations.cpp:645]
(03/07/2024) WARNING -> Unable to create animation "PacmanLeft" for sprite sprite from script PacmanMovingScript [raised in sprites.cpp:714]
(03/07/2024) WARNING -> No animation with name PacmanLeft in script PacmanMovingScript. [raised in animations.cpp:645]
(03/07/2024) WARNING -> Unable to create animation "PacmanLeft" for sprite sprite from script PacmanMovingScript [raised in sprites.cpp:714]
(03/07/2024) WARNING -> No animation with name PacmanLeft in script PacmanMovingScript. [raised in animations.cpp:645]
(03/07/2024) WARNING -> Unable to create animation "PacmanLeft" for sprite sprite from script PacmanMovingScript [raised in sprites.cpp:714]
(03/07/2024) WARNING -> No animation with name PacmanLeft in script PacmanMovingScript. [raised in animations.cpp:645]
(03/07/2024) WARNING -> Unable to create animation "PacmanLeft" for sprite sprite from script PacmanMovingScript [raised in sprites.cpp:714]
(03/07/2024) WARNING -> No animation with name PacmanLeft in script PacmanMovingScript. [raised in animations.cpp:645]
(03/07/2024) WARNING -> Unable to create animation "PacmanLeft" for sprite sprite from script PacmanMovingScript [raised in sprites.cpp:714]
(03/07/2024) WARNING -> No animation with name PacmanLeft in script PacmanMovingScript. [raised in animations.cpp:645]
(03/07/2024) WARNING -> Unable to create animation "PacmanLeft" for sprite sprite from script PacmanMovingScript [raised in sprites.cpp:714]
(03/07/2024) WARNING -> No animation with name PacmanLeft in script PacmanMovingScript. [raised in animations.cpp:645]
(03/07/2024) WARNING -> Unable to create animation "PacmanLeft" for sprite sprite from script PacmanMovingScript [raised in sprites.cpp:714]
(03/07/2024) WARNING -> No animation with name PacmanRight in script PacmanMovingScript. [raised in animations.cpp:645]
(03/07/2024) WARNING -> Unable to create animation "PacmanRight" for sprite sprite from script PacmanMovingScript [raised in sprites.cpp:714]
(03/07/2024) WARNING -> No animation with name PacmanRight in script PacmanMovingScript. [raised in animations.cpp:645]
(03/07/2024) WARNING -> Unable to create animation "PacmanRight" for sprite sprite from script PacmanMovingScript [raised in sprites.cpp:714]
(03/07/2024) WARNING -> No animation with name PacmanRight in script PacmanMovingScript. [raised in animations.cpp:645]
(03/07/2024) WARNING -> Unable to create animation "PacmanRight" for sprite sprite from script PacmanMovingScript [raised in sprites.cpp:714]
(03/07/2024) WARNING -> No animation with name PacmanRight in script PacmanMovingScript. [raised in animations.cpp:645]
(03/07/2024) WARNING -> Unable to create animation "PacmanRight" for sprite sprite from script PacmanMovingScript [raised in sprites.cpp:714]
(03/07/2024) WARNING -> No animation with name PacmanRight in script PacmanMovingScript. [raised in animations.cpp:645]
(03/07/2024) WARNING -> Unable to create animation "PacmanRight" for sprite sprite from script PacmanMovingScript [raised in sprites.cpp:714]
(03/07/2024) WARNING -> No animation with name PacmanDown in script PacmanMovingScript. [raised in animations.cpp:645]
(03/07/2024) WARNING -> Unable to create animation "PacmanDown" for sprite sprite from script PacmanMovingScript [raised in sprites.cpp:714]
(03/07/2024) WARNING -> No animation with name PacmanDown in script PacmanMovingScript. [raised in animations.cpp:645]
(03/07/2024) WARNING -> Unable to create animation "PacmanDown" for sprite sprite from script PacmanMovingScript [raised in sprites.cpp:714]
(03/07/2024) WARNING -> No animation with name PacmanDown in script PacmanMovingScript. [raised in animations.cpp:645]
(03/07/2024) WARNING -> Unable to create animation "PacmanDown" for sprite sprite from script PacmanMovingScript [raised in sprites.cpp:714]
(03/07/2024) WARNING -> No animation with name PacmanDown in script PacmanMovingScript. [raised in animations.cpp:645]
(03/07/2024) WARNING -> Unable to create animation "PacmanDown" for sprite sprite from script PacmanMovingScript [raised in sprites.cpp:714]
(03/07/2024) WARNING -> No animation with name PacmanDown in script PacmanMovingScript. [raised in animations.cpp:645]
(03/07/2024) WARNING -> Unable to create animation "PacmanDown" for sprite sprite from script PacmanMovingScript [raised in sprites.cpp:714]
(03/07/2024) WARNING -> No animation with name PacmanDown in script PacmanMovingScript. [raised in animations.cpp:645]
(03/07/2024) WARNING -> Unable to create animation "PacmanDown" for sprite sprite from script PacmanMovingScript [raised in sprites.cpp:714]
(03/07/2024) WARNING -> No animation with name PacmanDown in script PacmanMovingScript. [raised in animations.cpp:645]
(03/07/2024) WARNING -> Unable to create animation "PacmanDown" for sprite sprite from script PacmanMovingScript [raised in sprites.cpp:714]
(03/07/2024) WARNING -> No animation with name PacmanDown in script PacmanMovingScript. [raised in animations.cpp:645]
(03/07/2024) WARNING -> Unable to create animation "PacmanDown" for sprite sprite from script PacmanMovingScript [raised in sprites.cpp:714]
(03/07/2024) WARNING -> No animation with name PacmanDown in script PacmanMovingScript. [raised in animations.cpp:645]
(03/07/2024) WARNING -> Unable to create animation "PacmanDown" for sprite sprite from script PacmanMovingScript [raised in sprites.cpp:714]
(03/07/2024) WARNING -> No animation with name PacmanDown in script PacmanMovingScript. [raised in animations.cpp:645]
(03/07/2024) WARNING -> Unable to create animation "PacmanDown" for sprite sprite from script PacmanMovingScript [raised in sprites.cpp:714]
(03/07/2024) WARNING -> No animation with name PacmanDown in script PacmanMovingScript. [raised in animations.cpp:645]
(03/07/2024) WARNING -> Unable to create animation "PacmanDown" for sprite sprite from script PacmanMovingScript [raised in sprites.cpp:714]
(03/07/2024) WARNING -> No animation with name PacmanDown in script PacmanMovingScript. [raised in animations.cpp:645]
(03/07/2024) WARNING -> Unable to create animation "PacmanDown" for sprite sprite from script PacmanMovingScript [raised in sprites.cpp:714]
(03/07/2024) WARNING -> No animation with name PacmanDown in script PacmanMovingScript. [raised in animations.cpp:645]
(03/07/2024) WARNING -> Unable to create animation "PacmanDown" for sprite sprite from script PacmanMovingScript [raised in sprites.cpp:714]
(03/07/2024) WARNING -> No animation with name PacmanDown in script PacmanMovingScript. [raised in animations.cpp:645]
(03/07/2024) WARNING -> Unable to create animation "PacmanDown" for sprite sprite from script PacmanMovingScript [raised in sprites.cpp:714]
(03/07/2024) WARNING -> No animation with name PacmanDown in script PacmanMovingScript. [raised in animations.cpp:645]
(03/07/2024) WARNING -> Unable to create animation "PacmanDown" for sprite sprite from script PacmanMovingScript [raised in sprites.cpp:714]
(03/07/2024) WARNING -> No animation with name PacmanDown in script PacmanMovingScript. [raised in animations.cpp:645]
(03/07/2024) WARNING -> Unable to create animation "PacmanDown" for sprite sprite from script PacmanMovingScript [raised in sprites.cpp:714]
(03/07/2024) WARNING -> No animation with name PacmanDown in script PacmanMovingScript. [raised in animations.cpp:645]
(03/07/2024) WARNING -> Unable to create animation "PacmanDown" for sprite sprite from script PacmanMovingScript [raised in sprites.cpp:714]
(03/07/2024) WARNING -> No animation with name PacmanDown in script PacmanMovingScript. [raised in animations.cpp:645]
(03/07/2024) WARNING -> Unable to create animation "PacmanDown" for sprite sprite from script PacmanMovingScript [raised in sprites.cpp:714]
(03/07/2024) WARNING -> No animation with name PacmanDown in script PacmanMovingScript. [raised in animations.cpp:645]
(03/07/2024) WARNING -> Unable to create animation "PacmanDown" for sprite sprite from script PacmanMovingScript [raised in sprites.cpp:714]
(03/07/2024) WARNING -> No animation with name PacmanDown in script PacmanMovingScript. [raised in animations.cpp:645]
(03/07/2024) WARNING -> Unable to create animation "PacmanDown" for sprite sprite from script PacmanMovingScript [raised in sprites.cpp:714]
(03/07/2024) WARNING -> No animation with name PacmanDown in script PacmanMovingScript. [raised in animations.cpp:645]
(03/07/2024) WARNING -> Unable to create animation "PacmanDown" for sprite sprite from script PacmanMovingScript [raised in sprites.cpp:714]
(03/07/2024) WARNING -> No animation with name PacmanDown in script PacmanMovingScript. [raised in animations.cpp:645]
(03/07/2024) WARNING -> Unable to create animation "PacmanDown" for sprite sprite from script PacmanMovingScript [raised in sprites.cpp:714]
(03/07/2024) WARNING -> No animation with name PacmanDown in script PacmanMovingScript. [raised in animations.cpp:645]
(03/07/2024) WARNING -> Unable to create animation "PacmanDown" for sprite sprite from script PacmanMovingScript [raised in sprites.cpp:714]
(03/07/2024) WARNING -> No animation with name PacmanDown in script PacmanMovingScript. [raised in animations.cpp:645]
(03/07/2024) WARNING -> Unable to create animation "PacmanDown" for sprite sprite from script PacmanMovingScript [raised in sprites.cpp:714]
(03/07/2024) WARNING -> No animation with name PacmanDown in script PacmanMovingScript. [raised in animations.cpp:645]
(03/07/2024) WARNING -> Unable to create animation "PacmanDown" for sprite sprite from script PacmanMovingScript [raised in sprites.cpp:714]
(03/07/2024) WARNING -> Unable to locate animation file for PacmanMovingScript (/Users/coderschool/RiderProjects/COS20007/Pacman/Resources/animations/resources/animations/pacman.txt) [raised in animations.cpp:62]
(03/07/2024) WARNING -> Attempting to use invalid animation script [raised in sprites.cpp:707]
(03/07/2024) WARNING -> Attempting to use invalid animation script [raised in sprites.cpp:707]
(03/07/2024) WARNING -> Attempting to use invalid animation script [raised in sprites.cpp:707]
(03/07/2024) WARNING -> Attempting to use invalid animation script [raised in sprites.cpp:707]
(03/07/2024) WARNING -> Attempting to use invalid animation script [raised in sprites.cpp:707]
(03/07/2024) WARNING -> Attempting to use invalid animation script [raised in sprites.cpp:707]
(03/07/2024) WARNING -> Attempting to use invalid animation script [raised in sprites.cpp:707]
(03/07/2024) WARNING -> Attempting to use invalid animation script [raised in sprites.cpp:707]
(03/07/2024) WARNING -> Attempting to use invalid animation script [raised in sprites.cpp:707]
(03/07/2024) WARNING -> Attempting to use invalid animation script [raised in sprites.cpp:707]
(03/07/2024) WARNING -> Attempting to use invalid animation script [raised in sprites.cpp:707]
(03/07/2024) WARNING -> Attempting to use invalid animation script [raised in sprites.cpp:707]
(03/07/2024) WARNING -> Attempting to use invalid animation script [raised in sprites.cpp:707]
(03/07/2024) WARNING -> Attempting to use invalid animation script [raised in sprites.cpp:707]
(03/07/2024) WARNING -> Attempting to use invalid animation script [raised in sprites.cpp:707]
(03/07/2024) WARNING -> Attempting to use invalid animation script [raised in sprites.cpp:707]
(03/07/2024) WARNING -> Attempting to use invalid animation script [raised in sprites.cpp:707]
(03/07/2024) WARNING -> Attempting to use invalid animation script [raised in sprites.cpp:707]
(03/07/2024) WARNING -> Attempting to use invalid animation script [raised in sprites.cpp:707]
(03/07/2024) WARNING -> Attempting to use invalid animation script [raised in sprites.cpp:707]
(03/07/2024) WARNING -> Attempting to use invalid animation script [raised in sprites.cpp:707]
(03/07/2024) WARNING -> Attempting to use invalid animation script [raised in sprites.cpp:707]
(03/07/2024) WARNING -> Attempting to use invalid animation script [raised in sprites.cpp:707]
(03/07/2024) WARNING -> Attempting to use invalid animation script [raised in sprites.cpp:707]
(03/07/2024) WARNING -> Attempting to use invalid animation script [raised in sprites.cpp:707]
(03/07/2024) WARNING -> Attempting to use invalid animation script [raised in sprites.cpp:707]
(03/07/2024) WARNING -> Attempting to use invalid animation script [raised in sprites.cpp:707]
(03/07/2024) WARNING -> Attempting to use invalid animation script [raised in sprites.cpp:707]
(03/07/2024) WARNING -> Attempting to use invalid animation script [raised in sprites.cpp:707]
(03/07/2024) WARNING -> Attempting to use invalid animation script [raised in sprites.cpp:707]
(03/07/2024) WARNING -> Attempting to use invalid animation script [raised in sprites.cpp:707]
(03/07/2024) WARNING -> Attempting to use invalid animation script [raised in sprites.cpp:707]
(03/07/2024) WARNING -> Attempting to use invalid animation script [raised in sprites.cpp:707]
(03/07/2024) WARNING -> Attempting to use invalid animation script [raised in sprites.cpp:707]
(03/07/2024) WARNING -> Attempting to use invalid animation script [raised in sprites.cpp:707]
(03/07/2024) WARNING -> Attempting to use invalid animation script [raised in sprites.cpp:707]
(03/07/2024) WARNING -> Attempting to use invalid animation script [raised in sprites.cpp:707]
(03/07/2024) WARNING -> Attempting to use invalid animation script [raised in sprites.cpp:707]
(03/07/2024) WARNING -> Attempting to use invalid animation script [raised in sprites.cpp:707]
(03/07/2024) WARNING -> Attempting to use invalid animation script [raised in sprites.cpp:707]
(03/07/2024) WARNING -> Attempting to use invalid animation script [raised in sprites.cpp:707]
(03/07/2024) WARNING -> Attempting to use invalid animation script [raised in sprites.cpp:707]
(03/07/2024) WARNING -> Attempting to use invalid animation script [raised in sprites.cpp:707]
(03/07/2024) WARNING -> Attempting to use invalid animation script [raised in sprites.cpp:707]
(03/07/2024) WARNING -> Attempting to use invalid animation script [raised in sprites.cpp:707]
(03/07/2024) WARNING -> Attempting to use invalid animation script [raised in sprites.cpp:707]
(03/07/2024) WARNING -> Attempting to use invalid animation script [raised in sprites.cpp:707]
(03/07/2024) WARNING -> Attempting to use invalid animation script [raised in sprites.cpp:707]
(03/07/2024) WARNING -> Attempting to use invalid animation script [raised in sprites.cpp:707]
(03/07/2024) WARNING -> Attempting to use invalid animation script [raised in sprites.cpp:707]
(03/07/2024) WARNING -> Attempting to use invalid animation script [raised in sprites.cpp:707]
(03/07/2024) WARNING -> Attempting to use invalid animation script [raised in sprites.cpp:707]
